sample.interval=20000
"[.data.table" "[" "FUN" "lapply" 
"[.data.table" "[" "FUN" "lapply" 
"suppressWarnings" "[.data.table" "[" "FUN" "lapply" 
"setkeyv" "[<-.data.table" "[<-" "FUN" "lapply" 
"forderv" "setorderv" "setorder" "FUN" "lapply" 
"[.data.table" "[" "FUN" "lapply" 
"copy" "[<-.data.table" "[<-" "FUN" "lapply" 
"copy" "[<-.data.table" "[<-" "FUN" "lapply" 
"copy" "[<-.data.table" "[<-" "FUN" "lapply" 
"copy" "[<-.data.table" "[<-" "FUN" "lapply" 
"copy" "[<-.data.table" "[<-" "FUN" "lapply" 
"stopifnot" "head.default" "head" "setkeyv" "[<-.data.table" "[<-" "FUN" "lapply" 
"stopifnot" "head.default" "head" "setkeyv" "[<-.data.table" "[<-" "FUN" "lapply" 
"stopifnot" "head.default" "head" "setkeyv" "[<-.data.table" "[<-" "FUN" "lapply" 
"names" "names" "setnames" "setattr" "[.data.table" "[" "FUN" "lapply" 
"copy" "[<-.data.table" "[<-" "FUN" "lapply" 
"forderv" "setorderv" "setorder" "FUN" "lapply" 
"[.data.table" "[" "FUN" "lapply" 
"forderv" "setorderv" "setorder" "FUN" "lapply" 
"eval" "eval" "[.data.table" "[" "FUN" "lapply" 
"Ops.factor" "==" "eval" "eval" "doTryCatch" "tryCatchOne" "tryCatchList" "tryCatch" "[.data.table" "[" "FUN" "lapply" 
"[<-.data.table" "[<-" "FUN" "lapply" 
"eval" "eval" "[.data.table" "[" "FUN" "lapply" 
"Ops.factor" "==" "eval" "eval" "doTryCatch" "tryCatchOne" "tryCatchList" "tryCatch" "[.data.table" "[" "FUN" "lapply" 
"Ops.factor" "==" "eval" "eval" "doTryCatch" "tryCatchOne" "tryCatchList" "tryCatch" "[.data.table" "[" "FUN" "lapply" 
"Ops.factor" "==" "eval" "eval" "doTryCatch" "tryCatchOne" "tryCatchList" "tryCatch" "[.data.table" "[" "FUN" "lapply" 
"Ops.factor" "==" "eval" "eval" "doTryCatch" "tryCatchOne" "tryCatchList" "tryCatch" "[.data.table" "[" "FUN" "lapply" 
"Ops.factor" "==" "eval" "eval" "doTryCatch" "tryCatchOne" "tryCatchList" "tryCatch" "[.data.table" "[" "FUN" "lapply" 
"forderv" "setkeyv" "[<-.data.table" "[<-" "FUN" "lapply" 
"forderv" "setorderv" "setorder" "FUN" "lapply" 
"[.data.table" "[" "[<-.data.table" "[<-" "FUN" "lapply" 
"eval" "eval" "[.data.table" "[" "FUN" "lapply" 
"setnames" "setattr" "[.data.table" "[" "FUN" "lapply" 
"[.data.table" "[" "FUN" "lapply" 
"forderv" "setorderv" "setorder" "FUN" "lapply" 
"match" "eval" "eval" "doTryCatch" "tryCatchOne" "tryCatchList" "tryCatch" "[.data.table" "[" "FUN" "lapply" 
".deparseOpts" "deparse" "validate" ".shallow" "shallow" "[.data.table" "[" "FUN" "lapply" 
"match" "eval" "eval" "[<-.data.table" "[<-" "FUN" "lapply" 
"match" "eval" "eval" "[<-.data.table" "[<-" "FUN" "lapply" 
"match" "eval" "eval" "[<-.data.table" "[<-" "FUN" "lapply" 
"match" "eval" "eval" "[<-.data.table" "[<-" "FUN" "lapply" 
"match" "eval" "eval" "[<-.data.table" "[<-" "FUN" "lapply" 
"forderv" "setorderv" "setorder" "FUN" "lapply" 
"forderv" "setorderv" "setorder" "FUN" "lapply" 
"[.data.table" "[" "FUN" "lapply" 
"eval" "eval" "[.data.table" "[" "FUN" "lapply" 
"match" "eval" "eval" "[<-.data.table" "[<-" "FUN" "lapply" 
"names" "names" "chmatch" "forderv" "is.sorted" "withCallingHandlers" "suppressWarnings" "[.data.table" "[" "FUN" "lapply" 
"forderv" "is.sorted" "withCallingHandlers" "suppressWarnings" "[.data.table" "[" "FUN" "lapply" 
"eval" "eval" "[.data.table" "[" "FUN" "lapply" 
"forderv" "is.sorted" "withCallingHandlers" "suppressWarnings" "[.data.table" "[" "FUN" "lapply" 
"match" "eval" "eval" "[<-.data.table" "[<-" "FUN" "lapply" 
"match" "eval" "eval" "[<-.data.table" "[<-" "FUN" "lapply" 
"match" "eval" "eval" "[<-.data.table" "[<-" "FUN" "lapply" 
"match" "eval" "eval" "[<-.data.table" "[<-" "FUN" "lapply" 
"match" "eval" "eval" "[<-.data.table" "[<-" "FUN" "lapply" 
"pmatch" ".deparseOpts" "deparse" "validate" ".shallow" "shallow" "[.data.table" "[" "FUN" "lapply" 
"names" "names" "chmatch" "[<-.data.table" "$<-.data.table" "$<-" "FUN" "lapply" 
"as.matrix.data.table" "as.matrix" "base::rowSums" "rowSums" "rowSums" "eval" "eval" "[.data.table" "[" "FUN" "lapply" 
"[.data.table" "[" "FUN" "lapply" 
"forderv" "setorderv" "setorder" "FUN" "lapply" 
"match" "eval" "eval" "[<-.data.table" "[<-" "FUN" "lapply" 
"forderv" "setorderv" "setorder" "FUN" "lapply" 
"match" "eval" "eval" "[<-.data.table" "[<-" "FUN" "lapply" 
"forderv" "setorderv" "setorder" "FUN" "lapply" 
"setorderv" "setorder" "FUN" "lapply" 
"setorderv" "setorder" "FUN" "lapply" 
"setorderv" "setorder" "FUN" "lapply" 
"setorderv" "setorder" "FUN" "lapply" 
"setorderv" "setorder" "FUN" "lapply" 
"replace_dot_alias" "[.data.table" "[" "FUN" "lapply" 
"names" "names" "%chin%" "[.data.table" "[" "FUN" "lapply" 
"eval" "eval" "[.data.table" "[" "FUN" "lapply" 
"==" "force" "[.data.table" "[" "FUN" "lapply" 
"forderv" "is.sorted" "withCallingHandlers" "suppressWarnings" "[.data.table" "[" "FUN" "lapply" 
"forderv" "setorderv" "setorder" "FUN" "lapply" 
"forderv" "is.sorted" "withCallingHandlers" "suppressWarnings" "[.data.table" "[" "FUN" "lapply" 
"[.data.table" "[" "FUN" "lapply" 
"copy" "[<-.data.table" "$<-.data.table" "$<-" "FUN" "lapply" 
"copy" "[<-.data.table" "$<-.data.table" "$<-" "FUN" "lapply" 
"copy" "[<-.data.table" "$<-.data.table" "$<-" "FUN" "lapply" 
"base::rowSums" "rowSums" "rowSums" "eval" "eval" "[.data.table" "[" "FUN" "lapply" 
"[.data.table" "[" "FUN" "lapply" 
"parent.frame" "eval" ".prepareFastSubset" "[.data.table" "[" "FUN" "lapply" 
"[.data.table" "[" "FUN" "lapply" 
"forderv" "is.sorted" "withCallingHandlers" "suppressWarnings" "[.data.table" "[" "FUN" "lapply" 
"match" "eval" "eval" "[<-.data.table" "[<-" "FUN" "lapply" 
"as.list.default" "[.data.table" "[" "FUN" "lapply" 
"forderv" "setkeyv" "[<-.data.table" "[<-" "FUN" "lapply" 
"names" "names" "chmatch" "[.data.table" "[" "FUN" "lapply" 
"copy" "[<-.data.table" "[<-" "FUN" "lapply" 
"copy" "[<-.data.table" "[<-" "FUN" "lapply" 
"copy" "[<-.data.table" "[<-" "FUN" "lapply" 
"copy" "[<-.data.table" "[<-" "FUN" "lapply" 
"copy" "[<-.data.table" "[<-" "FUN" "lapply" 
"forderv" "is.sorted" "withCallingHandlers" "suppressWarnings" "[.data.table" "[" "FUN" "lapply" 
".makeMessage" "warning" "is.sorted" "withCallingHandlers" "suppressWarnings" "[.data.table" "[" "FUN" "lapply" 
"forderv" "setorderv" "setorder" "FUN" "lapply" 
"[.data.table" "[" "[<-.data.table" "[<-" "FUN" "lapply" 
"base::rowSums" "rowSums" "rowSums" "eval" "eval" "[.data.table" "[" "FUN" "lapply" 
"%chin%" "[.data.table" "[" "FUN" "lapply" 
"[.data.table" "[" "FUN" "lapply" 
"forderv" "setorderv" "setorder" "FUN" "lapply" 
"match" "eval" "eval" "[<-.data.table" "[<-" "FUN" "lapply" 
"match" "eval" "eval" "[<-.data.table" "[<-" "FUN" "lapply" 
"match" "eval" "eval" "[<-.data.table" "[<-" "FUN" "lapply" 
"match" "eval" "eval" "[<-.data.table" "[<-" "FUN" "lapply" 
"match" "eval" "eval" "[<-.data.table" "[<-" "FUN" "lapply" 
"match" "eval" "eval" "[<-.data.table" "[<-" "FUN" "lapply" 
"forderv" "setkeyv" "[<-.data.table" "[<-" "FUN" "lapply" 
"%in%" "forderv" "setkeyv" "[<-.data.table" "[<-" "FUN" "lapply" 
"anyNA" "stopifnot" "setnames" "[.data.table" "[" "FUN" "lapply" 
"match" "eval" "eval" "doTryCatch" "tryCatchOne" "tryCatchList" "tryCatch" "[.data.table" "[" "FUN" "lapply" 
".set_row_names" "setattr" "setDT" "[.data.table" "[" "FUN" "lapply" 
"makeRestartList" "withRestarts" ".signalSimpleWarning" "warning" "is.sorted" "withCallingHandlers" "suppressWarnings" "[.data.table" "[" "FUN" "lapply" 
".deparseOpts" "deparse" "validate" ".shallow" "shallow" "[.data.table" "[" "FUN" "lapply" 
"FUN" "FUN" "vapply" "setDT" "[.data.table" "[" "FUN" "lapply" 
"setattr" "eval" "[.data.table" "[" "FUN" "lapply" 
"setorderv" "setorder" "FUN" "lapply" 
"setorderv" "setorder" "FUN" "lapply" 
"setorderv" "setorder" "FUN" "lapply" 
"setorderv" "setorder" "FUN" "lapply" 
"setorderv" "setorder" "FUN" "lapply" 
"[.data.table" "[" "FUN" "lapply" 
"[.data.table" "[" "FUN" "lapply" 
"forderv" "setkeyv" "[<-.data.table" "[<-" "FUN" "lapply" 
"forderv" "setorderv" "setorder" "FUN" "lapply" 
"FUN" "lapply" 
"forderv" "is.sorted" "withCallingHandlers" "suppressWarnings" "[.data.table" "[" "FUN" "lapply" 
"[<-.data.table" "$<-.data.table" "$<-" "FUN" "lapply" 
"forderv" "setorderv" "setorder" "FUN" "lapply" 
"[.data.table" "[" "FUN" "lapply" 
"which" "[.data.table" "[" "FUN" "lapply" 
"which" "[.data.table" "[" "FUN" "lapply" 
"which" "[.data.table" "[" "FUN" "lapply" 
"which" "[.data.table" "[" "FUN" "lapply" 
"[<-.data.table" "[<-" "FUN" "lapply" 
"base::rowSums" "rowSums" "rowSums" "eval" "eval" "[.data.table" "[" "FUN" "lapply" 
"[.data.table" "[" "FUN" "lapply" 
"options" "suppressWarnings" "[.data.table" "[" "FUN" "lapply" 
"forderv" "setorderv" "setorder" "FUN" "lapply" 
"forderv" "is.sorted" "withCallingHandlers" "suppressWarnings" "[.data.table" "[" "FUN" "lapply" 
"forderv" "setorderv" "setorder" "FUN" "lapply" 
"as.vector" "setdiff" ".shallow" "shallow" "[.data.table" "[" "FUN" "lapply" 
"forderv" "setkeyv" "[<-.data.table" "[<-" "FUN" "lapply" 
"names" "names" "chmatch" "[<-.data.table" "[<-" "FUN" "lapply" 
"[.data.table" "[" "FUN" "lapply" 
"[.data.table" "[" "FUN" "lapply" 
"[.data.table" "[" "FUN" "lapply" 
"[.data.table" "[" "FUN" "lapply" 
"[.data.table" "[" "FUN" "lapply" 
"[.data.table" "[" "FUN" "lapply" 
"forderv" "is.sorted" "withCallingHandlers" "suppressWarnings" "[.data.table" "[" "FUN" "lapply" 
"as.list" "vapply" "rm" "[.data.table" "[" "FUN" "lapply" 
"setorderv" "setorder" "FUN" "lapply" 
"as.vector" "setdiff" "[.data.table" "[" "FUN" "lapply" 
"setorderv" "setorder" "FUN" "lapply" 
"eval" "eval" "address" "[.data.table" "[" "FUN" "lapply" 
"[.data.table" "[" "FUN" "lapply" 
"forderv" "is.sorted" "withCallingHandlers" "suppressWarnings" "[.data.table" "[" "FUN" "lapply" 
"which" "[.data.table" "[" "FUN" "lapply" 
"which" "[.data.table" "[" "FUN" "lapply" 
"which" "[.data.table" "[" "FUN" "lapply" 
"which" "[.data.table" "[" "FUN" "lapply" 
"which" "[.data.table" "[" "FUN" "lapply" 
"rm" "[.data.table" "[" "FUN" "lapply" 
"match" "eval" "eval" "doTryCatch" "tryCatchOne" "tryCatchList" "tryCatch" "[.data.table" "[" "FUN" "lapply" 
"copy" "[.data.table" "[" "FUN" "lapply" 
"forderv" "is.sorted" "withCallingHandlers" "suppressWarnings" "[.data.table" "[" "FUN" "lapply" 
"forderv" "is.sorted" "withCallingHandlers" "suppressWarnings" "[.data.table" "[" "FUN" "lapply" 
"match" "eval" "eval" "doTryCatch" "tryCatchOne" "tryCatchList" "tryCatch" "[.data.table" "[" "FUN" "lapply" 
"as.list" "is.data.table" "setattr" "eval" "[.data.table" "[" "FUN" "lapply" 
"makeRestartList" "withRestarts" ".signalSimpleWarning" "warning" "is.sorted" "withCallingHandlers" "suppressWarnings" "[.data.table" "[" "FUN" "lapply" 
"setDT" "[.data.table" "[" "FUN" "lapply" 
"setDT" "[.data.table" "[" "FUN" "lapply" 
"setDT" "[.data.table" "[" "FUN" "lapply" 
"setDT" "[.data.table" "[" "FUN" "lapply" 
"setDT" "[.data.table" "[" "FUN" "lapply" 
"eval" "eval" "[.data.table" "[" "FUN" "lapply" 
"forderv" "setorderv" "setorder" "FUN" "lapply" 
"forderv" "is.sorted" "withCallingHandlers" "suppressWarnings" "[.data.table" "[" "FUN" "lapply" 
"forderv" "setorderv" "setorder" "FUN" "lapply" 
"forderv" "is.sorted" "withCallingHandlers" "suppressWarnings" "[.data.table" "[" "FUN" "lapply" 
"match" "eval" "eval" "doTryCatch" "tryCatchOne" "tryCatchList" "tryCatch" "[.data.table" "[" "FUN" "lapply" 
"match" "eval" "eval" "doTryCatch" "tryCatchOne" "tryCatchList" "tryCatch" "[.data.table" "[" "FUN" "lapply" 
"match" "eval" "eval" "doTryCatch" "tryCatchOne" "tryCatchList" "tryCatch" "[.data.table" "[" "FUN" "lapply" 
"match" "eval" "eval" "doTryCatch" "tryCatchOne" "tryCatchList" "tryCatch" "[.data.table" "[" "FUN" "lapply" 
"match" "eval" "eval" "doTryCatch" "tryCatchOne" "tryCatchList" "tryCatch" "[.data.table" "[" "FUN" "lapply" 
"[.data.table" "[" "[<-.data.table" "[<-" "FUN" "lapply" 
"stopifnot" "setnames" "[.data.table" "[" "FUN" "lapply" 
"[.data.table" "[" "[<-.data.table" "[<-" "FUN" "lapply" 
"base::rowSums" "rowSums" "rowSums" "eval" "eval" "[.data.table" "[" "FUN" "lapply" 
"match" "eval" "eval" "doTryCatch" "tryCatchOne" "tryCatchList" "tryCatch" "[.data.table" "[" "FUN" "lapply" 
"setorderv" "setorder" "FUN" "lapply" 
"attr" "key" "haskey" "[<-.data.table" "$<-.data.table" "$<-" "FUN" "lapply" 
"copy" "[<-.data.table" "[<-" "FUN" "lapply" 
"copy" "[<-.data.table" "[<-" "FUN" "lapply" 
"copy" "[<-.data.table" "[<-" "FUN" "lapply" 
"forderv" "setorderv" "setorder" "FUN" "lapply" 
"[.data.table" "[" "FUN" "lapply" 
"[.data.table" "[" "FUN" "lapply" 
"names" "names" "%chin%" "setkeyv" "[<-.data.table" "[<-" "FUN" "lapply" 
"forderv" "is.sorted" "withCallingHandlers" "suppressWarnings" "[.data.table" "[" "FUN" "lapply" 
"eval" "eval" "[.data.table" "[" "FUN" "lapply" 
"forderv" "is.sorted" "withCallingHandlers" "suppressWarnings" "[.data.table" "[" "FUN" "lapply" 
"copy" "[<-.data.table" "[<-" "FUN" "lapply" 
"copy" "[<-.data.table" "[<-" "FUN" "lapply" 
"copy" "[<-.data.table" "[<-" "FUN" "lapply" 
"copy" "[<-.data.table" "[<-" "FUN" "lapply" 
"copy" "[<-.data.table" "[<-" "FUN" "lapply" 
"copy" "[<-.data.table" "[<-" "FUN" "lapply" 
"forderv" "setorderv" "setorder" "FUN" "lapply" 
"gsub" "[.data.table" "[" "FUN" "lapply" 
"[<-.data.table" "[<-" "FUN" "lapply" 
"forderv" "setorderv" "setorder" "FUN" "lapply" 
"match" "eval" "eval" "[<-.data.table" "[<-" "FUN" "lapply" 
"home" "setDT" "[.data.table" "[" "FUN" "lapply" 
"match" "eval" "eval" "[<-.data.table" "[<-" "FUN" "lapply" 
"forderv" "is.sorted" "withCallingHandlers" "suppressWarnings" "[.data.table" "[" "FUN" "lapply" 
"as.list" "vapply" "vapply_1c" "%in%" "which" "[.data.table" "[" "FUN" "lapply" 
"copy" "[<-.data.table" "[<-" "FUN" "lapply" 
"copy" "[<-.data.table" "[<-" "FUN" "lapply" 
"copy" "[<-.data.table" "[<-" "FUN" "lapply" 
"copy" "[<-.data.table" "[<-" "FUN" "lapply" 
"nargs" "[[.data.frame" "[[" "assign" "[.data.table" "[" "FUN" "lapply" 
"[.data.table" "[" "FUN" "lapply" 
"forderv" "setkeyv" "[<-.data.table" "[<-" "FUN" "lapply" 
"[.data.table" "[" "FUN" "lapply" 
"match" "eval" "eval" "[<-.data.table" "[<-" "FUN" "lapply" 
"forderv" "setorderv" "setorder" "FUN" "lapply" 
"[.data.table" "[" "FUN" "lapply" 
"forderv" "is.sorted" "withCallingHandlers" "suppressWarnings" "[.data.table" "[" "FUN" "lapply" 
"match" "eval" "eval" "[<-.data.table" "[<-" "FUN" "lapply" 
"[.data.table" "[" "FUN" "lapply" 
"copy" "$<-.data.table" "$<-" "FUN" "lapply" 
"copy" "$<-.data.table" "$<-" "FUN" "lapply" 
"copy" "$<-.data.table" "$<-" "FUN" "lapply" 
"copy" "$<-.data.table" "$<-" "FUN" "lapply" 
".shallow" "shallow" "[.data.table" "[" "FUN" "lapply" 
"[.data.table" "[" "FUN" "lapply" 
"forderv" "setkeyv" "[<-.data.table" "[<-" "FUN" "lapply" 
"[.data.table" "[" "FUN" "lapply" 
"[.data.table" "[" "FUN" "lapply" 
"forderv" "setkeyv" "[<-.data.table" "[<-" "FUN" "lapply" 
"match" "eval" "eval" "doTryCatch" "tryCatchOne" "tryCatchList" "tryCatch" "[.data.table" "[" "FUN" "lapply" 
"match" "eval" "eval" "doTryCatch" "tryCatchOne" "tryCatchList" "tryCatch" "[.data.table" "[" "FUN" "lapply" 
"setDT" "[.data.table" "[" "FUN" "lapply" 
"setDT" "[.data.table" "[" "FUN" "lapply" 
"setDT" "[.data.table" "[" "FUN" "lapply" 
"setDT" "[.data.table" "[" "FUN" "lapply" 
"[<-.data.table" "[<-" "FUN" "lapply" 
"[<-.data.table" "[<-" "FUN" "lapply" 
"forderv" "is.sorted" "withCallingHandlers" "suppressWarnings" "[.data.table" "[" "FUN" "lapply" 
"forderv" "is.sorted" "withCallingHandlers" "suppressWarnings" "[.data.table" "[" "FUN" "lapply" 
"forderv" "setkeyv" "[<-.data.table" "[<-" "FUN" "lapply" 
"forderv" "setorderv" "setorder" "FUN" "lapply" 
"setkeyv" "[<-.data.table" "[<-" "FUN" "lapply" 
"[.data.table" "[" "FUN" "lapply" 
"unlist" "as.matrix.data.table" "as.matrix" "base::rowSums" "rowSums" "rowSums" "eval" "eval" "[.data.table" "[" "FUN" "lapply" 
"[<-.data.table" "[<-" "FUN" "lapply" 
"setorderv" "setorder" "FUN" "lapply" 
"setorderv" "setorder" "FUN" "lapply" 
"setorderv" "setorder" "FUN" "lapply" 
"setorderv" "setorder" "FUN" "lapply" 
"setorderv" "setorder" "FUN" "lapply" 
"forderv" "setorderv" "setorder" "FUN" "lapply" 
"gsub" "[.data.table" "[" "FUN" "lapply" 
"[.data.table" "[" "FUN" "lapply" 
"forderv" "setorderv" "setorder" "FUN" "lapply" 
"[" "FUN" "lapply" 
"forderv" "is.sorted" "withCallingHandlers" "suppressWarnings" "[.data.table" "[" "FUN" "lapply" 
"base::rowSums" "rowSums" "rowSums" "eval" "eval" "[.data.table" "[" "FUN" "lapply" 
"copy" "[.data.table" "[" "FUN" "lapply" 
"copy" "[.data.table" "[" "FUN" "lapply" 
"copy" "[.data.table" "[" "FUN" "lapply" 
"copy" "[.data.table" "[" "FUN" "lapply" 
"copy" "[.data.table" "[" "FUN" "lapply" 
"match" "eval" "eval" "doTryCatch" "tryCatchOne" "tryCatchList" "tryCatch" "[.data.table" "[" "FUN" "lapply" 
"match" "eval" "eval" "doTryCatch" "tryCatchOne" "tryCatchList" "tryCatch" "[.data.table" "[" "FUN" "lapply" 
"forderv" "setorderv" "setorder" "FUN" "lapply" 
"[.data.table" "[" "FUN" "lapply" 
"forderv" "setorderv" "setorder" "FUN" "lapply" 
"forderv" "setorderv" "setorder" "FUN" "lapply" 
"forderv" "is.sorted" "withCallingHandlers" "suppressWarnings" "[.data.table" "[" "FUN" "lapply" 
"[.data.table" "[" "FUN" "lapply" 
"match" "eval" "eval" "[<-.data.table" "[<-" "FUN" "lapply" 
"match" "eval" "eval" "[<-.data.table" "[<-" "FUN" "lapply" 
"match" "eval" "eval" "[<-.data.table" "[<-" "FUN" "lapply" 
"match" "eval" "eval" "[<-.data.table" "[<-" "FUN" "lapply" 
"copy" "[.data.table" "[" "FUN" "lapply" 
"forderv" "setorderv" "setorder" "FUN" "lapply" 
"copy" "[<-.data.table" "$<-.data.table" "$<-" "FUN" "lapply" 
"forderv" "is.sorted" "withCallingHandlers" "suppressWarnings" "[.data.table" "[" "FUN" "lapply" 
"[.data.table" "[" "FUN" "lapply" 
"setorderv" "setorder" "FUN" "lapply" 
"names" "names" "%chin%" "setkeyv" "[<-.data.table" "[<-" "FUN" "lapply" 
"[.data.table" "[" "FUN" "lapply" 
"gsub" "[.data.table" "[" "FUN" "lapply" 
"unlist" "as.matrix.data.table" "as.matrix" "base::rowSums" "rowSums" "rowSums" "eval" "eval" "[.data.table" "[" "FUN" "lapply" 
"unlist" "as.matrix.data.table" "as.matrix" "base::rowSums" "rowSums" "rowSums" "eval" "eval" "[.data.table" "[" "FUN" "lapply" 
"unlist" "as.matrix.data.table" "as.matrix" "base::rowSums" "rowSums" "rowSums" "eval" "eval" "[.data.table" "[" "FUN" "lapply" 
"unlist" "as.matrix.data.table" "as.matrix" "base::rowSums" "rowSums" "rowSums" "eval" "eval" "[.data.table" "[" "FUN" "lapply" 
"[.data.table" "[" "FUN" "lapply" 
"setDT" "[.data.table" "[" "FUN" "lapply" 
"as.double" "[.data.table" "[" "FUN" "lapply" 
"forderv" "is.sorted" "withCallingHandlers" "suppressWarnings" "[.data.table" "[" "FUN" "lapply" 
"%in%" "deparse" "validate" ".shallow" "shallow" "[.data.table" "[" "FUN" "lapply" 
"setattr" "[.data.table" "[" "FUN" "lapply" 
"copy" "[<-.data.table" "[<-" "FUN" "lapply" 
"copy" "[<-.data.table" "[<-" "FUN" "lapply" 
"copy" "[<-.data.table" "[<-" "FUN" "lapply" 
"copy" "[<-.data.table" "[<-" "FUN" "lapply" 
"forderv" "setkeyv" "[<-.data.table" "[<-" "FUN" "lapply" 
"rowSums" "rowSums" "eval" "eval" "[.data.table" "[" "FUN" "lapply" 
"Ops.factor" "==" "eval" "eval" "doTryCatch" "tryCatchOne" "tryCatchList" "tryCatch" "[.data.table" "[" "FUN" "lapply" 
"force" "[.data.table" "[" "[<-.data.table" "[<-" "FUN" "lapply" 
"Ops.factor" "==" "eval" "eval" "doTryCatch" "tryCatchOne" "tryCatchList" "tryCatch" "[.data.table" "[" "FUN" "lapply" 
"[<-.data.table" "[<-" "FUN" "lapply" 
"forderv" "setorderv" "setorder" "FUN" "lapply" 
"forderv" "setkeyv" "[<-.data.table" "[<-" "FUN" "lapply" 
"setorderv" "setorder" "FUN" "lapply" 
"setorderv" "setorder" "FUN" "lapply" 
"setorderv" "setorder" "FUN" "lapply" 
"setorderv" "setorder" "FUN" "lapply" 
"setorderv" "setorder" "FUN" "lapply" 
"head.default" "head" "setkeyv" "[<-.data.table" "[<-" "FUN" "lapply" 
"forderv" "is.sorted" "withCallingHandlers" "suppressWarnings" "[.data.table" "[" "FUN" "lapply" 
"forderv" "is.sorted" "withCallingHandlers" "suppressWarnings" "[.data.table" "[" "FUN" "lapply" 
"forderv" "setorderv" "setorder" "FUN" "lapply" 
"sys.call" "match.call" "rm" "[.data.table" "[" "[<-.data.table" "[<-" "FUN" "lapply" 
"[.data.table" "[" "FUN" "lapply" 
"forderv" "setkeyv" "[<-.data.table" "[<-" "FUN" "lapply" 
"which" "[.data.table" "[" "FUN" "lapply" 
"which" "[.data.table" "[" "FUN" "lapply" 
"which" "[.data.table" "[" "FUN" "lapply" 
"which" "[.data.table" "[" "FUN" "lapply" 
"which" "[.data.table" "[" "FUN" "lapply" 
"replace_dot_alias" "replace_dot_alias" "replace_dot_alias" "replace_dot_alias" "replace_dot_alias" "replace_dot_alias" "[.data.table" "[" "FUN" "lapply" 
"[<-.data.table" "[<-" "FUN" "lapply" 
"unlist" "as.matrix.data.table" "as.matrix" "base::rowSums" "rowSums" "rowSums" "eval" "eval" "[.data.table" "[" "FUN" "lapply" 
"setorderv" "setorder" "FUN" "lapply" 
"[.data.table" "[" "FUN" "lapply" 
"eval" "eval" "[.data.table" "[" "FUN" "lapply" 
"forderv" "is.sorted" "withCallingHandlers" "suppressWarnings" "[.data.table" "[" "FUN" "lapply" 
"[.data.table" "[" "FUN" "lapply" 
"which" "[.data.table" "[" "FUN" "lapply" 
"which" "[.data.table" "[" "FUN" "lapply" 
"which" "[.data.table" "[" "FUN" "lapply" 
"which" "[.data.table" "[" "FUN" "lapply" 
"copy" "[.data.table" "[" "FUN" "lapply" 
"[.data.table" "[" "FUN" "lapply" 
"[.data.table" "[" "FUN" "lapply" 
"vapply" "[.data.table" "[" "FUN" "lapply" 
"asNamespace" "getNamespaceName" "cedta" "[<-.data.table" "$<-.data.table" "$<-" "FUN" "lapply" 
"forderv" "setorderv" "setorder" "FUN" "lapply" 
"[.data.table" "[" "[<-.data.table" "[<-" "FUN" "lapply" 
"setorderv" "setorder" "FUN" "lapply" 
"setorderv" "setorder" "FUN" "lapply" 
"setorderv" "setorder" "FUN" "lapply" 
"setorderv" "setorder" "FUN" "lapply" 
"cedta" "[.data.table" "[" "FUN" "lapply" 
"[.data.table" "[" "FUN" "lapply" 
"forderv" "setorderv" "setorder" "FUN" "lapply" 
"as.name" "lockBinding" "[.data.table" "[" "FUN" "lapply" 
"[.data.table" "[" "FUN" "lapply" 
"forderv" "setorderv" "setorder" "FUN" "lapply" 
"[.data.table" "[" "FUN" "lapply" 
".shallow" "shallow" "[.data.table" "[" "FUN" "lapply" 
".shallow" "shallow" "[.data.table" "[" "FUN" "lapply" 
".shallow" "shallow" "[.data.table" "[" "FUN" "lapply" 
".shallow" "shallow" "[.data.table" "[" "FUN" "lapply" 
"forderv" "is.sorted" "withCallingHandlers" "suppressWarnings" "[.data.table" "[" "FUN" "lapply" 
"[.data.table" "[" "FUN" "lapply" 
"alloc.col" "setDT" "[.data.table" "[" "FUN" "lapply" 
"force" "[.data.table" "[" "FUN" "lapply" 
"forderv" "is.sorted" "withCallingHandlers" "suppressWarnings" "[.data.table" "[" "FUN" "lapply" 
"[.data.table" "[" "FUN" "lapply" 
"forderv" "setorderv" "setorder" "FUN" "lapply" 
"topenv" "cedta" "[.data.table" "[" "FUN" "lapply" 
"setorderv" "setorder" "FUN" "lapply" 
"setorderv" "setorder" "FUN" "lapply" 
"setorderv" "setorder" "FUN" "lapply" 
"setorderv" "setorder" "FUN" "lapply" 
"setorderv" "setorder" "FUN" "lapply" 
"forderv" "is.sorted" "withCallingHandlers" "suppressWarnings" "[.data.table" "[" "FUN" "lapply" 
".makeMessage" "warning" "is.sorted" "withCallingHandlers" "suppressWarnings" "[.data.table" "[" "FUN" "lapply" 
"copy" "[<-.data.table" "[<-" "FUN" "lapply" 
"match" "eval" "eval" "doTryCatch" "tryCatchOne" "tryCatchList" "tryCatch" "[.data.table" "[" "FUN" "lapply" 
"eval" "eval" "[.data.table" "[" "FUN" "lapply" 
"unique" "setdiff" "[<-.data.table" "[<-" "FUN" "lapply" 
"which" "[.data.table" "[" "FUN" "lapply" 
"which" "[.data.table" "[" "FUN" "lapply" 
"which" "[.data.table" "[" "FUN" "lapply" 
"FUN" "lapply" 
"forderv" "is.sorted" "withCallingHandlers" "suppressWarnings" "[.data.table" "[" "FUN" "lapply" 
"names" "names" "[<-.data.table" "[<-" "FUN" "lapply" 
"forderv" "is.sorted" "withCallingHandlers" "suppressWarnings" "[.data.table" "[" "FUN" "lapply" 
"[.data.table" "[" "[<-.data.table" "[<-" "FUN" "lapply" 
"forderv" "setorderv" "setorder" "FUN" "lapply" 
"[.data.table" "[" "FUN" "lapply" 
"[.data.table" "[" "FUN" "lapply" 
"which" "[.data.table" "[" "FUN" "lapply" 
"which" "[.data.table" "[" "FUN" "lapply" 
"which" "[.data.table" "[" "FUN" "lapply" 
"which" "[.data.table" "[" "FUN" "lapply" 
"address" "[.data.table" "[" "FUN" "lapply" 
"invisible" "setattr" "[.data.table" "[" "FUN" "lapply" 
"base::rowSums" "rowSums" "rowSums" "eval" "eval" "[.data.table" "[" "FUN" "lapply" 
"setorderv" "setorder" "FUN" "lapply" 
"names" "names" "chmatch" "[<-.data.table" "[<-" "FUN" "lapply" 
"forderv" "is.sorted" "withCallingHandlers" "suppressWarnings" "[.data.table" "[" "FUN" "lapply" 
"setorderv" "setorder" "FUN" "lapply" 
"setorderv" "setorder" "FUN" "lapply" 
"setorderv" "setorder" "FUN" "lapply" 
"setorderv" "setorder" "FUN" "lapply" 
"setorderv" "setorder" "FUN" "lapply" 
"tryCatch" "[.data.table" "[" "FUN" "lapply" 
"match" "eval" "eval" "[<-.data.table" "[<-" "FUN" "lapply" 
"forderv" "setorderv" "setorder" "FUN" "lapply" 
"[.data.table" "[" "FUN" "lapply" 
"forderv" "is.sorted" "withCallingHandlers" "suppressWarnings" "[.data.table" "[" "FUN" "lapply" 
"forderv" "is.sorted" "withCallingHandlers" "suppressWarnings" "[.data.table" "[" "FUN" "lapply" 
"base::rowSums" "rowSums" "rowSums" "eval" "eval" "[.data.table" "[" "FUN" "lapply" 
"[.data.table" "[" "FUN" "lapply" 
"forderv" "setkeyv" "[<-.data.table" "[<-" "FUN" "lapply" 
"forderv" "setkeyv" "[<-.data.table" "[<-" "FUN" "lapply" 
"forderv" "setkeyv" "[<-.data.table" "[<-" "FUN" "lapply" 
"forderv" "setkeyv" "[<-.data.table" "[<-" "FUN" "lapply" 
"forderv" "setkeyv" "[<-.data.table" "[<-" "FUN" "lapply" 
"Ops.factor" "==" "eval" "eval" "doTryCatch" "tryCatchOne" "tryCatchList" "tryCatch" "[.data.table" "[" "FUN" "lapply" 
"forderv" "is.sorted" "withCallingHandlers" "suppressWarnings" "[.data.table" "[" "FUN" "lapply" 
"eval" "eval" "[.data.table" "[" "FUN" "lapply" 
".makeMessage" "warning" "is.sorted" "withCallingHandlers" "suppressWarnings" "[.data.table" "[" "FUN" "lapply" 
"match" "eval" "eval" "doTryCatch" "tryCatchOne" "tryCatchList" "tryCatch" "[.data.table" "[" "FUN" "lapply" 
"setorderv" "setorder" "FUN" "lapply" 
"setorderv" "setorder" "FUN" "lapply" 
"setorderv" "setorder" "FUN" "lapply" 
"setorderv" "setorder" "FUN" "lapply" 
"setorderv" "setorder" "FUN" "lapply" 
"forderv" "is.sorted" "withCallingHandlers" "suppressWarnings" "[.data.table" "[" "FUN" "lapply" 
"setorderv" "setorder" "FUN" "lapply" 
"forderv" "is.sorted" "withCallingHandlers" "suppressWarnings" "[.data.table" "[" "FUN" "lapply" 
"match" "eval" "eval" "[<-.data.table" "[<-" "FUN" "lapply" 
"forderv" "is.sorted" "withCallingHandlers" "suppressWarnings" "[.data.table" "[" "FUN" "lapply" 
"forderv" "is.sorted" "withCallingHandlers" "suppressWarnings" "[.data.table" "[" "FUN" "lapply" 
"head" "setattr" ".shallow" "shallow" "[.data.table" "[" "FUN" "lapply" 
"[.data.table" "[" "FUN" "lapply" 
"Ops.factor" "==" "eval" "eval" "doTryCatch" "tryCatchOne" "tryCatchList" "tryCatch" "[.data.table" "[" "FUN" "lapply" 
"Ops.factor" "==" "eval" "eval" "doTryCatch" "tryCatchOne" "tryCatchList" "tryCatch" "[.data.table" "[" "FUN" "lapply" 
"Ops.factor" "==" "eval" "eval" "doTryCatch" "tryCatchOne" "tryCatchList" "tryCatch" "[.data.table" "[" "FUN" "lapply" 
"Ops.factor" "==" "eval" "eval" "doTryCatch" "tryCatchOne" "tryCatchList" "tryCatch" "[.data.table" "[" "FUN" "lapply" 
"[.data.table" "[" "FUN" "lapply" 
"eval" "eval" "[.data.table" "[" "FUN" "lapply" 
"[.data.table" "[" "FUN" "lapply" 
"tryCatchOne" "tryCatchList" "tryCatch" "[.data.table" "[" "FUN" "lapply" 
"eval" "eval" "[.data.table" "[" "FUN" "lapply" 
"%chin%" ".massagei" "eval" "doTryCatch" "tryCatchOne" "tryCatchList" "tryCatch" "[.data.table" "[" "FUN" "lapply" 
"forderv" "setorderv" "setorder" "FUN" "lapply" 
"Ops.factor" "==" "eval" "eval" "doTryCatch" "tryCatchOne" "tryCatchList" "tryCatch" "[.data.table" "[" "FUN" "lapply" 
"Ops.factor" "==" "eval" "eval" "doTryCatch" "tryCatchOne" "tryCatchList" "tryCatch" "[.data.table" "[" "FUN" "lapply" 
"Ops.factor" "==" "eval" "eval" "doTryCatch" "tryCatchOne" "tryCatchList" "tryCatch" "[.data.table" "[" "FUN" "lapply" 
"Ops.factor" "==" "eval" "eval" "doTryCatch" "tryCatchOne" "tryCatchList" "tryCatch" "[.data.table" "[" "FUN" "lapply" 
"Ops.factor" "==" "eval" "eval" "doTryCatch" "tryCatchOne" "tryCatchList" "tryCatch" "[.data.table" "[" "FUN" "lapply" 
"base::rowSums" "rowSums" "rowSums" "eval" "eval" "[.data.table" "[" "FUN" "lapply" 
"setorderv" "setorder" "FUN" "lapply" 
"[.data.table" "[" "FUN" "lapply" 
"[.data.table" "[" "FUN" "lapply" 
"unique" "intersect" "as.vector" "setdiff" "[.data.table" "[" "FUN" "lapply" 
"forderv" "is.sorted" "withCallingHandlers" "suppressWarnings" "[.data.table" "[" "FUN" "lapply" 
"forderv" "is.sorted" "withCallingHandlers" "suppressWarnings" "[.data.table" "[" "FUN" "lapply" 
"match" "eval" "eval" "doTryCatch" "tryCatchOne" "tryCatchList" "tryCatch" "[.data.table" "[" "FUN" "lapply" 
"which" "[.data.table" "[" "FUN" "lapply" 
"which" "[.data.table" "[" "FUN" "lapply" 
"which" "[.data.table" "[" "FUN" "lapply" 
"which" "[.data.table" "[" "FUN" "lapply" 
"forderv" "is.sorted" "withCallingHandlers" "suppressWarnings" "[.data.table" "[" "FUN" "lapply" 
"forderv" "is.sorted" "withCallingHandlers" "suppressWarnings" "[.data.table" "[" "FUN" "lapply" 
"match" "eval" "eval" "[<-.data.table" "[<-" "FUN" "lapply" 
"Ops.factor" "==" "eval" "eval" "doTryCatch" "tryCatchOne" "tryCatchList" "tryCatch" "[.data.table" "[" "FUN" "lapply" 
"mode" "%in%" "deparse" "validate" ".shallow" "shallow" "[.data.table" "[" "FUN" "lapply" 
"makeRestartList" "withRestarts" ".signalSimpleWarning" "warning" "is.sorted" "withCallingHandlers" "suppressWarnings" "[.data.table" "[" "FUN" "lapply" 
"base::rowSums" "rowSums" "rowSums" "eval" "eval" "[.data.table" "[" "FUN" "lapply" 
"forderv" "setorderv" "setorder" "FUN" "lapply" 
"Ops.factor" "==" "eval" "eval" "doTryCatch" "tryCatchOne" "tryCatchList" "tryCatch" "[.data.table" "[" "FUN" "lapply" 
"Ops.factor" "==" "eval" "eval" "doTryCatch" "tryCatchOne" "tryCatchList" "tryCatch" "[.data.table" "[" "FUN" "lapply" 
"Ops.factor" "==" "eval" "eval" "doTryCatch" "tryCatchOne" "tryCatchList" "tryCatch" "[.data.table" "[" "FUN" "lapply" 
"Ops.factor" "==" "eval" "eval" "doTryCatch" "tryCatchOne" "tryCatchList" "tryCatch" "[.data.table" "[" "FUN" "lapply" 
"setnames" "[.data.table" "[" "FUN" "lapply" 
"[.data.table" "[" "FUN" "lapply" 
"forderv" "setorderv" "setorder" "FUN" "lapply" 
"key" ".shallow" "shallow" "[.data.table" "[" "FUN" "lapply" 
"[.data.table" "[" "FUN" "lapply" 
"forderv" "setorderv" "setorder" "FUN" "lapply" 
"forderv" "setorderv" "setorder" "FUN" "lapply" 
"setDT" "[.data.table" "[" "FUN" "lapply" 
"setDT" "[.data.table" "[" "FUN" "lapply" 
"setDT" "[.data.table" "[" "FUN" "lapply" 
"setDT" "[.data.table" "[" "FUN" "lapply" 
"forderv" "is.sorted" "withCallingHandlers" "suppressWarnings" "[.data.table" "[" "FUN" "lapply" 
"which" "[.data.table" "[" "FUN" "lapply" 
"forderv" "is.sorted" "withCallingHandlers" "suppressWarnings" "[.data.table" "[" "FUN" "lapply" 
"unlist" "as.matrix.data.table" "as.matrix" "base::rowSums" "rowSums" "rowSums" "eval" "eval" "[.data.table" "[" "FUN" "lapply" 
"[.data.table" "[" "FUN" "lapply" 
"forderv" "setkeyv" "[<-.data.table" "[<-" "FUN" "lapply" 
"forderv" "setorderv" "setorder" "FUN" "lapply" 
"copy" "[<-.data.table" "[<-" "FUN" "lapply" 
"match" "eval" "eval" "[<-.data.table" "[<-" "FUN" "lapply" 
"forderv" "is.sorted" "withCallingHandlers" "suppressWarnings" "[.data.table" "[" "FUN" "lapply" 
"match" "eval" "eval" "doTryCatch" "tryCatchOne" "tryCatchList" "tryCatch" "[.data.table" "[" "FUN" "lapply" 
"match" "eval" "eval" "doTryCatch" "tryCatchOne" "tryCatchList" "tryCatch" "[.data.table" "[" "FUN" "lapply" 
"match" "eval" "eval" "doTryCatch" "tryCatchOne" "tryCatchList" "tryCatch" "[.data.table" "[" "FUN" "lapply" 
"forderv" "setkeyv" "[<-.data.table" "[<-" "FUN" "lapply" 
"*" "eval" "eval" "[.data.table" "[" "FUN" "lapply" 
"[.data.table" "[" "FUN" "lapply" 
"forderv" "is.sorted" "withCallingHandlers" "suppressWarnings" "[.data.table" "[" "FUN" "lapply" 
"forderv" "setorderv" "setorder" "FUN" "lapply" 
"eval" "eval" "[.data.table" "[" "FUN" "lapply" 
"[.data.table" "[" "FUN" "lapply" 
"base::rowSums" "rowSums" "rowSums" "eval" "eval" "[.data.table" "[" "FUN" "lapply" 
"copy" "[<-.data.table" "[<-" "FUN" "lapply" 
"copy" "[<-.data.table" "[<-" "FUN" "lapply" 
"copy" "[<-.data.table" "[<-" "FUN" "lapply" 
"copy" "[<-.data.table" "[<-" "FUN" "lapply" 
"setorderv" "setorder" "FUN" "lapply" 
"forderv" "is.sorted" "withCallingHandlers" "suppressWarnings" "[.data.table" "[" "FUN" "lapply" 
"forderv" "setkeyv" "[<-.data.table" "[<-" "FUN" "lapply" 
"sys.call" "match.call" "rm" "[.data.table" "[" "FUN" "lapply" 
"[.data.table" "[" "FUN" "lapply" 
"forderv" "setkeyv" "[<-.data.table" "[<-" "FUN" "lapply" 
"[.data.table" "[" "FUN" "lapply" 
"copy" "[<-.data.table" "[<-" "FUN" "lapply" 
"copy" "[<-.data.table" "[<-" "FUN" "lapply" 
"copy" "[<-.data.table" "[<-" "FUN" "lapply" 
"eval" "eval" "[.data.table" "[" "FUN" "lapply" 
"[.data.table" "[" "[<-.data.table" "[<-" "FUN" "lapply" 
"chmatch" "validate" ".shallow" "shallow" "[.data.table" "[" "FUN" "lapply" 
"forderv" "is.sorted" "withCallingHandlers" "suppressWarnings" "[.data.table" "[" "FUN" "lapply" 
"eval" "eval" "[.data.table" "[" "FUN" "lapply" 
"all.vars" "[.data.table" "[" "FUN" "lapply" 
"[[" "assign" "[.data.table" "[" "FUN" "lapply" 
"[.data.table" "[" "FUN" "lapply" 
"forderv" "setorderv" "setorder" "FUN" "lapply" 
"match" "eval" "eval" "[<-.data.table" "[<-" "FUN" "lapply" 
"which" "[.data.table" "[" "FUN" "lapply" 
"which" "[.data.table" "[" "FUN" "lapply" 
"which" "[.data.table" "[" "FUN" "lapply" 
"which" "[.data.table" "[" "FUN" "lapply" 
"which" "[.data.table" "[" "FUN" "lapply" 
"forderv" "setkeyv" "[<-.data.table" "[<-" "FUN" "lapply" 
"eval" "eval" "[.data.table" "[" "FUN" "lapply" 
"seq_along" "[.data.table" "[" "FUN" "lapply" 
"forderv" "is.sorted" "withCallingHandlers" "suppressWarnings" "[.data.table" "[" "FUN" "lapply" 
"setorderv" "setorder" "FUN" "lapply" 
"eval" "eval" "[.data.table" "[" "FUN" "lapply" 
"forderv" "setorderv" "setorder" "FUN" "lapply" 
"copy" "[<-.data.table" "[<-" "FUN" "lapply" 
"copy" "[<-.data.table" "[<-" "FUN" "lapply" 
"copy" "[<-.data.table" "[<-" "FUN" "lapply" 
"copy" "[<-.data.table" "[<-" "FUN" "lapply" 
"setorderv" "setorder" "FUN" "lapply" 
"forderv" "setorderv" "setorder" "FUN" "lapply" 
"forderv" "is.sorted" "withCallingHandlers" "suppressWarnings" "[.data.table" "[" "FUN" "lapply" 
"eval" "eval" "[.data.table" "[" "FUN" "lapply" 
"which" "[.data.table" "[" "FUN" "lapply" 
"[.data.table" "[" "[<-.data.table" "[<-" "FUN" "lapply" 
"setattr" "setorderv" "setorder" "FUN" "lapply" 
"[.data.table" "[" "FUN" "lapply" 
"Ops.factor" "==" "eval" "eval" "doTryCatch" "tryCatchOne" "tryCatchList" "tryCatch" "[.data.table" "[" "FUN" "lapply" 
"unlist" "as.matrix.data.table" "as.matrix" "base::rowSums" "rowSums" "rowSums" "eval" "eval" "[.data.table" "[" "FUN" "lapply" 
"unlist" "as.matrix.data.table" "as.matrix" "base::rowSums" "rowSums" "rowSums" "eval" "eval" "[.data.table" "[" "FUN" "lapply" 
"unlist" "as.matrix.data.table" "as.matrix" "base::rowSums" "rowSums" "rowSums" "eval" "eval" "[.data.table" "[" "FUN" "lapply" 
"unlist" "as.matrix.data.table" "as.matrix" "base::rowSums" "rowSums" "rowSums" "eval" "eval" "[.data.table" "[" "FUN" "lapply" 
"Ops.factor" "==" "eval" "eval" "doTryCatch" "tryCatchOne" "tryCatchList" "tryCatch" "[.data.table" "[" "FUN" "lapply" 
"nrow" "[.data.table" "[" "FUN" "lapply" 
"forderv" "setkeyv" "[<-.data.table" "[<-" "FUN" "lapply" 
"forderv" "is.sorted" "withCallingHandlers" "suppressWarnings" "[.data.table" "[" "FUN" "lapply" 
"forderv" "setkeyv" "[<-.data.table" "[<-" "FUN" "lapply" 
"setorderv" "setorder" "FUN" "lapply" 
"copy" "$<-.data.table" "$<-" "FUN" "lapply" 
"setDT" "[.data.table" "[" "FUN" "lapply" 
"match" "eval" "eval" "[<-.data.table" "[<-" "FUN" "lapply" 
"match" "eval" "eval" "[<-.data.table" "[<-" "FUN" "lapply" 
"match" "eval" "eval" "[<-.data.table" "[<-" "FUN" "lapply" 
"match" "eval" "eval" "[<-.data.table" "[<-" "FUN" "lapply" 
"match" "eval" "eval" "[<-.data.table" "[<-" "FUN" "lapply" 
